[LOG] System::create                           : Header version = 1.10.10. Current version = 1.10.10.
[LOG] Manager::init                            : maxchannels = 256 studioflags = 00000006 flags 00000000 extradriverdata 0000000000000000.
[LOG] SystemI::init                            : Initialize version=11010 (98815), maxchannels=256, flags=0x00020000
[LOG] SystemI::setOutputInternal               : Setting output to 'FMOD WASAPI Output'
<<<<<<< Updated upstream
[LOG] OutputWASAPI::init                       : Mix Format (WAVEFORMATEX): wFormatTag=0xFFFE, nChannels=2, nSamplesPerSec=48000, nAvgBytesPerSec=384000, nBlockAlign=8, wBitsPerSample=32, cbSize=22.
[LOG] OutputWASAPI::init                       : Mix Format (WAVEFORMATEXTENSIBLE): wValidBitsPerSample=32, dwChannelMask=0x00000003, SubFormat=00000003-0000-0010-8000-00AA00389B71.
[LOG] OutputWASAPI::init                       : Output buffer size: 4096 samples, latency: 0.00ms, period: 10.00ms, DSP buffer: 1024 * 4
[LOG] Thread::initThread                       : Init FMOD stream thread. Priority: 2, Stack Size: 65536, Semaphore: No, Sleep Time: 10, Looping: Yes.
[LOG] Thread::initThread                       : Init FMOD mixer thread. Priority: 3, Stack Size: 49152, Semaphore: No, Sleep Time: 0, Looping: Yes.
[LOG] AsyncManager::init                       : manager 000000007B8556D8 isAsync 0 updatePeriod 0.02
=======
[LOG] OutputWASAPI::init                       : Mix Format (WAVEFORMATEX): wFormatTag=0xFFFE, nChannels=8, nSamplesPerSec=48000, nAvgBytesPerSec=1536000, nBlockAlign=32, wBitsPerSample=32, cbSize=22.
[LOG] OutputWASAPI::init                       : Mix Format (WAVEFORMATEXTENSIBLE): wValidBitsPerSample=32, dwChannelMask=0x0000063F, SubFormat=00000003-0000-0010-8000-00AA00389B71.
[LOG] OutputWASAPI::init                       : Output buffer size: 4096 samples, latency: 0.00ms, period: 10.00ms, DSP buffer: 1024 * 4
[LOG] DownMix::init                            : dspbuffersize: 1024  rate: 48000. output speaker mode: 7, input speaker mode 3
[LOG] DownMix::init                            : done.
[LOG] Thread::initThread                       : Init FMOD stream thread. Priority: 2, Stack Size: 65536, Semaphore: No, Sleep Time: 10, Looping: Yes.
[LOG] Thread::initThread                       : Init FMOD mixer thread. Priority: 3, Stack Size: 49152, Semaphore: No, Sleep Time: 0, Looping: Yes.
[LOG] AsyncManager::init                       : manager 0000000072206B78 isAsync 0 updatePeriod 0.02
>>>>>>> Stashed changes
[LOG] AsyncManager::init                       : done
[LOG] PlaybackSystem::init                     : 
[LOG] Thread::initThread                       : Init FMOD Studio sample load thread. Priority: 0, Stack Size: 65536, Semaphore: No, Sleep Time: 1, Looping: No.
[LOG] PlaybackSystem::init                     : done
[LOG] Thread::initThread                       : Init FMOD Studio bank load thread. Priority: 0, Stack Size: 65536, Semaphore: No, Sleep Time: 1, Looping: No.
[LOG] Manager::init                            : done.
[LOG] Manager::readBank                        : fileversion = 101, compatVersion = 99 (oldest = 44, newest = 103)
[LOG] Thread::initThread                       : Init FMOD profiler thread (recv). Priority: 0, Stack Size: 131072, Semaphore: No, Sleep Time: 0, Looping: No.
[LOG] Thread::initThread                       : Init FMOD profiler thread (send). Priority: 0, Stack Size: 131072, Semaphore: No, Sleep Time: 0, Looping: No.
[LOG] LiveUpdate::clientConnected              : client = 000000008E69F118
[LOG] LiveUpdate::readPacket                   : Accepting init message for client 000000008E69F118
[LOG] LiveUpdate::transitionToConnected        : 
[LOG] Manager::sendConnectTimeHash             : 
[LOG] LiveUpdate::sendBankHash                 : 
[LOG] LiveUpdate::sendBankHash                 : 
[LOG] LiveUpdate::sendBankHash                 : 
[LOG] LiveUpdate::acceptInitPacket             : Client 000000008E69F118 connected, entering connected state
[LOG] SystemI::createSound                     : filename = Assets\Sound\Thesis1AudioFMOD\Build\Desktop/Master Bank.bank : mode 02010082
[LOG] SystemI::createSound                     : FMOD_NONBLOCKING specified.  Putting into queue to be opened asynchronously!
[LOG] SystemI::createSound                     : setdata soundi = 00000000630B8A28 : node = 0000000068F5D7D0
[LOG] SystemI::createSound                     : add node to async list : head = 0000000072A26688.  list count = 0
[LOG] AsyncThread::threadFunc                  : Starting Asynchronous operation on sound 00000000630B8A28
[LOG] SystemI::createSoundInternal             :     Create name='Assets\Sound\Thesis1AudioFMOD\Build\Desktop/Master Bank.bank', mode=0x02010082
[LOG] SystemI::createSoundInternal             :     exinfo->cbsize             = 232
[LOG] SystemI::createSoundInternal             :     exinfo->length             = 14983744
[LOG] SystemI::createSoundInternal             :     exinfo->fileoffset         = 93344
[LOG] SystemI::createSoundInternal             :     exinfo->numsubsounds       = 1
[LOG] SystemI::createSoundInternal             :     exinfo->inclusionlist      = 0000000068F5D8E8
[LOG] SystemI::createSoundInternal             :     exinfo->inclusionlistnum   = 1
[LOG] SystemI::createSoundInternal             :     exinfo->suggestedsoundtype = 5
[LOG] SystemI::createSoundInternal             :     exinfo->initialseekpostype = 1
[LOG] SystemI::createSoundInternal             :     Stream 0/1: name='Baby_Sleep_Breaths', format=2, channels=2, frequency=48000, lengthbytes=196512, lengthpcm=798720, pcmblocksize=0, loopstart=0, loopend=0, mode=0x00000000, channelmask=0x00000000, channelorder=0, peakvolume=0.018982.
[LOG] AsyncThread::threadFunc                  : Finished Asynchronous operation on sound 00000000630B8A28
[LOG] SoundI::getSubSound                      : sound 00000000630B8A28.  Subsound index 0 / 1
[LOG] Manager::receiveLiveUpdateBank           : Received live update bank path: fmod:///remote/C:/Users/nobon/AppData/Local/FMOD Studio/UnsavedProjects/Hotswap-aBKqOk/hotswap_99.bank
[LOG] ProfileRemoteFile::fileOpen              : Attemping to open remote file 'C:/Users/nobon/AppData/Local/FMOD Studio/UnsavedProjects/Hotswap-aBKqOk/hotswap_99.bank'
[LOG] Manager::readBank                        : fileversion = 101, compatVersion = 99 (oldest = 44, newest = 103)
[LOG] AsyncThread::threadFunc                  : Starting Asynchronous operation on sound 00000000630B6F28
[LOG] AsyncThread::threadFunc                  : Finished Asynchronous operation on sound 00000000630B6F28
[LOG] SystemI::createSound                     : filename = Assets\Sound\Thesis1AudioFMOD\Build\Desktop/Master Bank.bank : mode 02010082
[LOG] SystemI::createSound                     : FMOD_NONBLOCKING specified.  Putting into queue to be opened asynchronously!
[LOG] SystemI::createSound                     : setdata soundi = 000000001B98C1C8 : node = 000000000F99FA30
[LOG] SystemI::createSound                     : add node to async list : head = 0000000072A26688.  list count = 0
[LOG] AsyncThread::threadFunc                  : Starting Asynchronous operation on sound 000000001B98C1C8
[LOG] SystemI::createSoundInternal             :     Create name='Assets\Sound\Thesis1AudioFMOD\Build\Desktop/Master Bank.bank', mode=0x02010082
[LOG] SystemI::createSoundInternal             :     exinfo->cbsize             = 232
[LOG] SystemI::createSoundInternal             :     exinfo->length             = 14983744
[LOG] SystemI::createSoundInternal             :     exinfo->fileoffset         = 93344
[LOG] SystemI::createSoundInternal             :     exinfo->numsubsounds       = 1
[LOG] SystemI::createSoundInternal             :     exinfo->inclusionlist      = 000000000F99FB48
[LOG] SystemI::createSoundInternal             :     exinfo->inclusionlistnum   = 1
[LOG] SystemI::createSoundInternal             :     exinfo->suggestedsoundtype = 5
[LOG] SystemI::createSoundInternal             :     exinfo->initialseekposition = 2500
[LOG] SystemI::createSoundInternal             :     exinfo->initialseekpostype = 1
[LOG] SystemI::createSoundInternal             :     Stream 0/1: name='Dragging_on_Gravel', format=2, channels=2, frequency=48000, lengthbytes=346752, lengthpcm=1430674, pcmblocksize=0, loopstart=0, loopend=0, mode=0x00000000, channelmask=0x00000000, channelorder=0, peakvolume=0.236023.
[LOG] AsyncThread::threadFunc                  : Finished Asynchronous operation on sound 000000001B98C1C8
[LOG] SoundI::getSubSound                      : sound 000000001B98C1C8.  Subsound index 0 / 1
[LOG] Manager::readBank                        : fileversion = 101, compatVersion = 99 (oldest = 44, newest = 103)
[LOG] SystemI::createSoundInternal             : Create name='', mode=0x02000202
[LOG] SystemI::createSoundInternal             : exinfo->cbsize             = 232
[LOG] SystemI::createSoundInternal             : exinfo->length             = 14983744
[LOG] SystemI::createSoundInternal             : exinfo->fileoffset         = 93344
[LOG] SystemI::createSoundInternal             : exinfo->numsubsounds       = 1
[LOG] SystemI::createSoundInternal             : exinfo->inclusionlist      = 00000000743CF5FC
[LOG] SystemI::createSoundInternal             : exinfo->inclusionlistnum   = 1
[LOG] SystemI::createSoundInternal             : exinfo->suggestedsoundtype = 5
[LOG] SystemI::createSoundInternal             : exinfo->useropen           = 00007FFB276D1100
[LOG] SystemI::createSoundInternal             : exinfo->userclose          = 00007FFB276D10D0
[LOG] SystemI::createSoundInternal             : exinfo->userread           = 00007FFB276D11D0
[LOG] SystemI::createSoundInternal             : exinfo->userseek           = 00007FFB276D1290
[LOG] SystemI::createSoundInternal             : exinfo->fileuserdata       = 0000000092DE4278
[LOG] SystemI::createSoundInternal             : exinfo->initialseekpostype = 1
[LOG] SystemI::DSPCodecPoolRegister            : register codec pool for pool type 5
[LOG] SystemI::createSoundInternal             : Sample 0/1: name='hmmmmmm', format=2, channels=2, frequency=48000, lengthbytes=10720, lengthpcm=54782, pcmblocksize=0, loopstart=0, loopend=0, mode=0x00000000, channelmask=0x00000000, channelorder=0, peakvolume=0.067321.
[LOG] SoundI::release                          : Baby_Sleep_Breaths (00000000630B8A28)
[LOG] SoundI::release                          :     Baby_Sleep_Breaths (0000000097AAD348)
[LOG] SoundI::release                          :     Baby_Sleep_Breaths (00000000630B6F28)
[LOG] SystemI::createSoundInternal             : Create name='', mode=0x02000202
[LOG] SystemI::createSoundInternal             : exinfo->cbsize             = 232
[LOG] SystemI::createSoundInternal             : exinfo->length             = 14983744
[LOG] SystemI::createSoundInternal             : exinfo->fileoffset         = 93344
[LOG] SystemI::createSoundInternal             : exinfo->numsubsounds       = 1
[LOG] SystemI::createSoundInternal             : exinfo->inclusionlist      = 00000000743CF5FC
[LOG] SystemI::createSoundInternal             : exinfo->inclusionlistnum   = 1
[LOG] SystemI::createSoundInternal             : exinfo->suggestedsoundtype = 5
[LOG] SystemI::createSoundInternal             : exinfo->useropen           = 00007FFB276D1100
[LOG] SystemI::createSoundInternal             : exinfo->userclose          = 00007FFB276D10D0
[LOG] SystemI::createSoundInternal             : exinfo->userread           = 00007FFB276D11D0
[LOG] SystemI::createSoundInternal             : exinfo->userseek           = 00007FFB276D1290
[LOG] SystemI::createSoundInternal             : exinfo->fileuserdata       = 0000000092DE4278
[LOG] SystemI::createSoundInternal             : exinfo->initialseekpostype = 1
[LOG] SystemI::DSPCodecPoolRegister            : register codec pool for pool type 5
[LOG] SystemI::createSoundInternal             : Sample 0/1: name='wonder1', format=2, channels=2, frequency=48000, lengthbytes=22752, lengthpcm=115222, pcmblocksize=0, loopstart=0, loopend=0, mode=0x00000000, channelmask=0x00000000, channelorder=0, peakvolume=0.049479.
[LOG] SystemI::createSoundInternal             : Create name='', mode=0x02000202
[LOG] SystemI::createSoundInternal             : exinfo->cbsize             = 232
[LOG] SystemI::createSoundInternal             : exinfo->length             = 14983744
[LOG] SystemI::createSoundInternal             : exinfo->fileoffset         = 93344
[LOG] SystemI::createSoundInternal             : exinfo->numsubsounds       = 1
[LOG] SystemI::createSoundInternal             : exinfo->inclusionlist      = 00000000743CF5FC
[LOG] SystemI::createSoundInternal             : exinfo->inclusionlistnum   = 1
[LOG] SystemI::createSoundInternal             : exinfo->suggestedsoundtype = 5
[LOG] SystemI::createSoundInternal             : exinfo->useropen           = 00007FFB276D1100
[LOG] SystemI::createSoundInternal             : exinfo->userclose          = 00007FFB276D10D0
[LOG] SystemI::createSoundInternal             : exinfo->userread           = 00007FFB276D11D0
[LOG] SystemI::createSoundInternal             : exinfo->userseek           = 00007FFB276D1290
[LOG] SystemI::createSoundInternal             : exinfo->fileuserdata       = 0000000092DE4278
[LOG] SystemI::createSoundInternal             : exinfo->initialseekpostype = 1
[LOG] SystemI::DSPCodecPoolRegister            : register codec pool for pool type 5
[LOG] SystemI::createSoundInternal             : Sample 0/1: name='wonder', format=2, channels=2, frequency=48000, lengthbytes=30016, lengthpcm=153229, pcmblocksize=0, loopstart=0, loopend=0, mode=0x00000000, channelmask=0x00000000, channelorder=0, peakvolume=0.068924.
[LOG] SystemI::createSoundInternal             : Create name='', mode=0x02000202
[LOG] SystemI::createSoundInternal             : exinfo->cbsize             = 232
[LOG] SystemI::createSoundInternal             : exinfo->length             = 14983744
[LOG] SystemI::createSoundInternal             : exinfo->fileoffset         = 93344
[LOG] SystemI::createSoundInternal             : exinfo->numsubsounds       = 1
[LOG] SystemI::createSoundInternal             : exinfo->inclusionlist      = 00000000743CF5FC
[LOG] SystemI::createSoundInternal             : exinfo->inclusionlistnum   = 1
[LOG] SystemI::createSoundInternal             : exinfo->suggestedsoundtype = 5
[LOG] SystemI::createSoundInternal             : exinfo->useropen           = 00007FFB276D1100
[LOG] SystemI::createSoundInternal             : exinfo->userclose          = 00007FFB276D10D0
[LOG] SystemI::createSoundInternal             : exinfo->userread           = 00007FFB276D11D0
[LOG] SystemI::createSoundInternal             : exinfo->userseek           = 00007FFB276D1290
[LOG] SystemI::createSoundInternal             : exinfo->fileuserdata       = 0000000092DE4278
[LOG] SystemI::createSoundInternal             : exinfo->initialseekpostype = 1
[LOG] SystemI::DSPCodecPoolRegister            : register codec pool for pool type 5
[LOG] SystemI::createSoundInternal             : Sample 0/1: name='wonder2', format=2, channels=2, frequency=48000, lengthbytes=16736, lengthpcm=85522, pcmblocksize=0, loopstart=0, loopend=0, mode=0x00000000, channelmask=0x00000000, channelorder=0, peakvolume=0.084111.
[LOG] Manager::readBank                        : fileversion = 101, compatVersion = 99 (oldest = 44, newest = 103)
[LOG] SystemI::createSoundInternal             : Create name='', mode=0x02000202
[LOG] SystemI::createSoundInternal             : exinfo->cbsize             = 232
[LOG] SystemI::createSoundInternal             : exinfo->length             = 14983744
[LOG] SystemI::createSoundInternal             : exinfo->fileoffset         = 93344
[LOG] SystemI::createSoundInternal             : exinfo->numsubsounds       = 1
[LOG] SystemI::createSoundInternal             : exinfo->inclusionlist      = 00000000743CF5FC
[LOG] SystemI::createSoundInternal             : exinfo->inclusionlistnum   = 1
[LOG] SystemI::createSoundInternal             : exinfo->suggestedsoundtype = 5
[LOG] SystemI::createSoundInternal             : exinfo->useropen           = 00007FFB276D1100
[LOG] SystemI::createSoundInternal             : exinfo->userclose          = 00007FFB276D10D0
[LOG] SystemI::createSoundInternal             : exinfo->userread           = 00007FFB276D11D0
[LOG] SystemI::createSoundInternal             : exinfo->userseek           = 00007FFB276D1290
[LOG] SystemI::createSoundInternal             : exinfo->fileuserdata       = 0000000092686CD8
[LOG] SystemI::createSoundInternal             : exinfo->initialseekpostype = 1
[LOG] SystemI::DSPCodecPoolRegister            : register codec pool for pool type 5
[LOG] SystemI::createSoundInternal             : Sample 0/1: name='Step 1', format=2, channels=2, frequency=48000, lengthbytes=8384, lengthpcm=31346, pcmblocksize=0, loopstart=0, loopend=0, mode=0x00000000, channelmask=0x00000000, channelorder=0, peakvolume=0.486328.
[LOG] SystemI::createSoundInternal             : Create name='', mode=0x02000202
[LOG] SystemI::createSoundInternal             : exinfo->cbsize             = 232
[LOG] SystemI::createSoundInternal             : exinfo->length             = 14983744
[LOG] SystemI::createSoundInternal             : exinfo->fileoffset         = 93344
[LOG] SystemI::createSoundInternal             : exinfo->numsubsounds       = 1
[LOG] SystemI::createSoundInternal             : exinfo->inclusionlist      = 00000000743CF5FC
[LOG] SystemI::createSoundInternal             : exinfo->inclusionlistnum   = 1
[LOG] SystemI::createSoundInternal             : exinfo->suggestedsoundtype = 5
[LOG] SystemI::createSoundInternal             : exinfo->useropen           = 00007FFB276D1100
[LOG] SystemI::createSoundInternal             : exinfo->userclose          = 00007FFB276D10D0
[LOG] SystemI::createSoundInternal             : exinfo->userread           = 00007FFB276D11D0
[LOG] SystemI::createSoundInternal             : exinfo->userseek           = 00007FFB276D1290
[LOG] SystemI::createSoundInternal             : exinfo->fileuserdata       = 0000000092686CD8
[LOG] SystemI::createSoundInternal             : exinfo->initialseekpostype = 1
[LOG] SystemI::DSPCodecPoolRegister            : register codec pool for pool type 5
[LOG] SystemI::createSoundInternal             : Sample 0/1: name='Step 2', format=2, channels=2, frequency=48000, lengthbytes=7872, lengthpcm=31346, pcmblocksize=0, loopstart=0, loopend=0, mode=0x00000000, channelmask=0x00000000, channelorder=0, peakvolume=0.244385.
[LOG] SystemI::createSoundInternal             : Create name='', mode=0x02000202
[LOG] SystemI::createSoundInternal             : exinfo->cbsize             = 232
[LOG] SystemI::createSoundInternal             : exinfo->length             = 14983744
[LOG] SystemI::createSoundInternal             : exinfo->fileoffset         = 93344
[LOG] SystemI::createSoundInternal             : exinfo->numsubsounds       = 1
[LOG] SystemI::createSoundInternal             : exinfo->inclusionlist      = 00000000743CF5FC
[LOG] SystemI::createSoundInternal             : exinfo->inclusionlistnum   = 1
[LOG] SystemI::createSoundInternal             : exinfo->suggestedsoundtype = 5
[LOG] SystemI::createSoundInternal             : exinfo->useropen           = 00007FFB276D1100
[LOG] SystemI::createSoundInternal             : exinfo->userclose          = 00007FFB276D10D0
[LOG] SystemI::createSoundInternal             : exinfo->userread           = 00007FFB276D11D0
[LOG] SystemI::createSoundInternal             : exinfo->userseek           = 00007FFB276D1290
[LOG] SystemI::createSoundInternal             : exinfo->fileuserdata       = 0000000092686CD8
[LOG] SystemI::createSoundInternal             : exinfo->initialseekpostype = 1
[LOG] SystemI::DSPCodecPoolRegister            : register codec pool for pool type 5
[LOG] SystemI::createSoundInternal             : Sample 0/1: name='Step 4', format=2, channels=2, frequency=48000, lengthbytes=8544, lengthpcm=31346, pcmblocksize=0, loopstart=0, loopend=0, mode=0x00000000, channelmask=0x00000000, channelorder=0, peakvolume=0.133972.
[LOG] SystemI::createSoundInternal             : Create name='', mode=0x02000202
[LOG] SystemI::createSoundInternal             : exinfo->cbsize             = 232
[LOG] SystemI::createSoundInternal             : exinfo->length             = 14983744
[LOG] SystemI::createSoundInternal             : exinfo->fileoffset         = 93344
[LOG] SystemI::createSoundInternal             : exinfo->numsubsounds       = 1
[LOG] SystemI::createSoundInternal             : exinfo->inclusionlist      = 00000000743CF5FC
[LOG] SystemI::createSoundInternal             : exinfo->inclusionlistnum   = 1
[LOG] SystemI::createSoundInternal             : exinfo->suggestedsoundtype = 5
[LOG] SystemI::createSoundInternal             : exinfo->useropen           = 00007FFB276D1100
[LOG] SystemI::createSoundInternal             : exinfo->userclose          = 00007FFB276D10D0
[LOG] SystemI::createSoundInternal             : exinfo->userread           = 00007FFB276D11D0
[LOG] SystemI::createSoundInternal             : exinfo->userseek           = 00007FFB276D1290
[LOG] SystemI::createSoundInternal             : exinfo->fileuserdata       = 0000000092686CD8
[LOG] SystemI::createSoundInternal             : exinfo->initialseekpostype = 1
[LOG] SystemI::DSPCodecPoolRegister            : register codec pool for pool type 5
[LOG] SystemI::createSoundInternal             : Sample 0/1: name='Step 3', format=2, channels=2, frequency=48000, lengthbytes=7616, lengthpcm=31346, pcmblocksize=0, loopstart=0, loopend=0, mode=0x00000000, channelmask=0x00000000, channelorder=0, peakvolume=0.263672.
[LOG] SystemI::createSoundInternal             : Create name='', mode=0x02000202
[LOG] SystemI::createSoundInternal             : exinfo->cbsize             = 232
[LOG] SystemI::createSoundInternal             : exinfo->length             = 14983744
[LOG] SystemI::createSoundInternal             : exinfo->fileoffset         = 93344
[LOG] SystemI::createSoundInternal             : exinfo->numsubsounds       = 1
[LOG] SystemI::createSoundInternal             : exinfo->inclusionlist      = 00000000743CF5FC
[LOG] SystemI::createSoundInternal             : exinfo->inclusionlistnum   = 1
[LOG] SystemI::createSoundInternal             : exinfo->suggestedsoundtype = 5
[LOG] SystemI::createSoundInternal             : exinfo->useropen           = 00007FFB276D1100
[LOG] SystemI::createSoundInternal             : exinfo->userclose          = 00007FFB276D10D0
[LOG] SystemI::createSoundInternal             : exinfo->userread           = 00007FFB276D11D0
[LOG] SystemI::createSoundInternal             : exinfo->userseek           = 00007FFB276D1290
[LOG] SystemI::createSoundInternal             : exinfo->fileuserdata       = 0000000092686CD8
[LOG] SystemI::createSoundInternal             : exinfo->initialseekpostype = 1
[LOG] SystemI::DSPCodecPoolRegister            : register codec pool for pool type 5
[LOG] SystemI::createSoundInternal             : Sample 0/1: name='Step 5', format=2, channels=2, frequency=48000, lengthbytes=8032, lengthpcm=31346, pcmblocksize=0, loopstart=0, loopend=0, mode=0x00000000, channelmask=0x00000000, channelorder=0, peakvolume=0.133881.
[LOG] SystemI::createSoundInternal             : Create name='', mode=0x02000202
[LOG] SystemI::createSoundInternal             : exinfo->cbsize             = 232
[LOG] SystemI::createSoundInternal             : exinfo->length             = 14983744
[LOG] SystemI::createSoundInternal             : exinfo->fileoffset         = 93344
[LOG] SystemI::createSoundInternal             : exinfo->numsubsounds       = 1
[LOG] SystemI::createSoundInternal             : exinfo->inclusionlist      = 00000000743CF5FC
[LOG] SystemI::createSoundInternal             : exinfo->inclusionlistnum   = 1
[LOG] SystemI::createSoundInternal             : exinfo->suggestedsoundtype = 5
[LOG] SystemI::createSoundInternal             : exinfo->useropen           = 00007FFB276D1100
[LOG] SystemI::createSoundInternal             : exinfo->userclose          = 00007FFB276D10D0
[LOG] SystemI::createSoundInternal             : exinfo->userread           = 00007FFB276D11D0
[LOG] SystemI::createSoundInternal             : exinfo->userseek           = 00007FFB276D1290
[LOG] SystemI::createSoundInternal             : exinfo->fileuserdata       = 0000000092686CD8
[LOG] SystemI::createSoundInternal             : exinfo->initialseekpostype = 1
[LOG] SystemI::DSPCodecPoolRegister            : register codec pool for pool type 5
[LOG] SystemI::createSoundInternal             : Sample 0/1: name='Step 6', format=2, channels=2, frequency=48000, lengthbytes=8608, lengthpcm=31346, pcmblocksize=0, loopstart=0, loopend=0, mode=0x00000000, channelmask=0x00000000, channelorder=0, peakvolume=0.128784.
[LOG] SystemI::createSoundInternal             : Create name='', mode=0x02000202
[LOG] SystemI::createSoundInternal             : exinfo->cbsize             = 232
[LOG] SystemI::createSoundInternal             : exinfo->length             = 14983744
[LOG] SystemI::createSoundInternal             : exinfo->fileoffset         = 93344
[LOG] SystemI::createSoundInternal             : exinfo->numsubsounds       = 1
[LOG] SystemI::createSoundInternal             : exinfo->inclusionlist      = 00000000743CF5FC
[LOG] SystemI::createSoundInternal             : exinfo->inclusionlistnum   = 1
[LOG] SystemI::createSoundInternal             : exinfo->suggestedsoundtype = 5
[LOG] SystemI::createSoundInternal             : exinfo->useropen           = 00007FFB276D1100
[LOG] SystemI::createSoundInternal             : exinfo->userclose          = 00007FFB276D10D0
[LOG] SystemI::createSoundInternal             : exinfo->userread           = 00007FFB276D11D0
[LOG] SystemI::createSoundInternal             : exinfo->userseek           = 00007FFB276D1290
[LOG] SystemI::createSoundInternal             : exinfo->fileuserdata       = 000000006851F888
[LOG] SystemI::createSoundInternal             : exinfo->initialseekpostype = 1
[LOG] SystemI::DSPCodecPoolRegister            : register codec pool for pool type 5
[LOG] SystemI::createSoundInternal             : Sample 0/1: name='Jump_On_Soggy_Grass1', format=2, channels=2, frequency=48000, lengthbytes=3968, lengthpcm=18808, pcmblocksize=0, loopstart=0, loopend=0, mode=0x00000000, channelmask=0x00000000, channelorder=0, peakvolume=0.184845.
[LOG] Manager::readBank                        : fileversion = 101, compatVersion = 99 (oldest = 44, newest = 103)
[LOG] SystemI::createSoundInternal             : Create name='', mode=0x02000202
[LOG] SystemI::createSoundInternal             : exinfo->cbsize             = 232
[LOG] SystemI::createSoundInternal             : exinfo->length             = 14983744
[LOG] SystemI::createSoundInternal             : exinfo->fileoffset         = 93344
[LOG] SystemI::createSoundInternal             : exinfo->numsubsounds       = 1
[LOG] SystemI::createSoundInternal             : exinfo->inclusionlist      = 00000000743CF5FC
[LOG] SystemI::createSoundInternal             : exinfo->inclusionlistnum   = 1
[LOG] SystemI::createSoundInternal             : exinfo->suggestedsoundtype = 5
[LOG] SystemI::createSoundInternal             : exinfo->useropen           = 00007FFB276D1100
[LOG] SystemI::createSoundInternal             : exinfo->userclose          = 00007FFB276D10D0
[LOG] SystemI::createSoundInternal             : exinfo->userread           = 00007FFB276D11D0
[LOG] SystemI::createSoundInternal             : exinfo->userseek           = 00007FFB276D1290
[LOG] SystemI::createSoundInternal             : exinfo->fileuserdata       = 000000007652F5B8
[LOG] SystemI::createSoundInternal             : exinfo->initialseekpostype = 1
[LOG] SystemI::DSPCodecPoolRegister            : register codec pool for pool type 5
[LOG] SystemI::createSoundInternal             : Sample 0/1: name='hup', format=2, channels=2, frequency=48000, lengthbytes=4000, lengthpcm=17841, pcmblocksize=0, loopstart=0, loopend=0, mode=0x00000000, channelmask=0x00000000, channelorder=0, peakvolume=0.148560.
[LOG] SystemI::createSoundInternal             : Create name='', mode=0x02000202
[LOG] SystemI::createSoundInternal             : exinfo->cbsize             = 232
[LOG] SystemI::createSoundInternal             : exinfo->length             = 14983744
[LOG] SystemI::createSoundInternal             : exinfo->fileoffset         = 93344
[LOG] SystemI::createSoundInternal             : exinfo->numsubsounds       = 1
[LOG] SystemI::createSoundInternal             : exinfo->inclusionlist      = 00000000743CF5FC
[LOG] SystemI::createSoundInternal             : exinfo->inclusionlistnum   = 1
[LOG] SystemI::createSoundInternal             : exinfo->suggestedsoundtype = 5
[LOG] SystemI::createSoundInternal             : exinfo->useropen           = 00007FFB276D1100
[LOG] SystemI::createSoundInternal             : exinfo->userclose          = 00007FFB276D10D0
[LOG] SystemI::createSoundInternal             : exinfo->userread           = 00007FFB276D11D0
[LOG] SystemI::createSoundInternal             : exinfo->userseek           = 00007FFB276D1290
[LOG] SystemI::createSoundInternal             : exinfo->fileuserdata       = 000000007652F5B8
[LOG] SystemI::createSoundInternal             : exinfo->initialseekpostype = 1
[LOG] SystemI::DSPCodecPoolRegister            : register codec pool for pool type 5
[LOG] SystemI::createSoundInternal             : Sample 0/1: name='hup1', format=2, channels=2, frequency=48000, lengthbytes=6016, lengthpcm=29540, pcmblocksize=0, loopstart=0, loopend=0, mode=0x00000000, channelmask=0x00000000, channelorder=0, peakvolume=0.050591.
[LOG] SystemI::createSoundInternal             : Create name='', mode=0x02000202
[LOG] SystemI::createSoundInternal             : exinfo->cbsize             = 232
[LOG] SystemI::createSoundInternal             : exinfo->length             = 14983744
[LOG] SystemI::createSoundInternal             : exinfo->fileoffset         = 93344
[LOG] SystemI::createSoundInternal             : exinfo->numsubsounds       = 1
[LOG] SystemI::createSoundInternal             : exinfo->inclusionlist      = 00000000743CF5FC
[LOG] SystemI::createSoundInternal             : exinfo->inclusionlistnum   = 1
[LOG] SystemI::createSoundInternal             : exinfo->suggestedsoundtype = 5
[LOG] SystemI::createSoundInternal             : exinfo->useropen           = 00007FFB276D1100
[LOG] SystemI::createSoundInternal             : exinfo->userclose          = 00007FFB276D10D0
[LOG] SystemI::createSoundInternal             : exinfo->userread           = 00007FFB276D11D0
[LOG] SystemI::createSoundInternal             : exinfo->userseek           = 00007FFB276D1290
[LOG] SystemI::createSoundInternal             : exinfo->fileuserdata       = 000000007652F5B8
[LOG] SystemI::createSoundInternal             : exinfo->initialseekpostype = 1
[LOG] SystemI::DSPCodecPoolRegister            : register codec pool for pool type 5
[LOG] SystemI::createSoundInternal             : Sample 0/1: name='hup2', format=2, channels=2, frequency=48000, lengthbytes=7200, lengthpcm=34937, pcmblocksize=0, loopstart=0, loopend=0, mode=0x00000000, channelmask=0x00000000, channelorder=0, peakvolume=0.085289.
[LOG] SystemI::createSound                     : filename = Assets\Sound\Thesis1AudioFMOD\Build\Desktop/Master Bank.bank : mode 02010082
[LOG] SystemI::createSound                     : FMOD_NONBLOCKING specified.  Putting into queue to be opened asynchronously!
[LOG] SystemI::createSound                     : setdata soundi = 00000000A1661598 : node = 000000000F99F640
[LOG] SystemI::createSound                     : add node to async list : head = 0000000072A26688.  list count = 0
[LOG] AsyncThread::threadFunc                  : Starting Asynchronous operation on sound 00000000A1661598
[LOG] SystemI::createSoundInternal             :     Create name='Assets\Sound\Thesis1AudioFMOD\Build\Desktop/Master Bank.bank', mode=0x02010082
[LOG] SystemI::createSoundInternal             :     exinfo->cbsize             = 232
[LOG] SystemI::createSoundInternal             :     exinfo->length             = 14983744
[LOG] SystemI::createSoundInternal             :     exinfo->fileoffset         = 93344
[LOG] SystemI::createSoundInternal             :     exinfo->numsubsounds       = 1
[LOG] SystemI::createSoundInternal             :     exinfo->inclusionlist      = 000000000F99F758
[LOG] SystemI::createSoundInternal             :     exinfo->inclusionlistnum   = 1
[LOG] SystemI::createSoundInternal             :     exinfo->suggestedsoundtype = 5
[LOG] SystemI::createSoundInternal             :     exinfo->initialseekpostype = 1
[LOG] SystemI::createSoundInternal             :     Stream 0/1: name='Stick_Break', format=2, channels=2, frequency=48000, lengthbytes=279872, lengthpcm=1261400, pcmblocksize=0, loopstart=0, loopend=0, mode=0x00000000, channelmask=0x00000000, channelorder=0, peakvolume=0.587280.
[LOG] AsyncThread::threadFunc                  : Finished Asynchronous operation on sound 00000000A1661598
[LOG] SoundI::getSubSound                      : sound 00000000A1661598.  Subsound index 0 / 1
[LOG] SystemI::createSoundInternal             : Create name='', mode=0x02000202
[LOG] SystemI::createSoundInternal             : exinfo->cbsize             = 232
[LOG] SystemI::createSoundInternal             : exinfo->length             = 14983744
[LOG] SystemI::createSoundInternal             : exinfo->fileoffset         = 93344
[LOG] SystemI::createSoundInternal             : exinfo->numsubsounds       = 1
[LOG] SystemI::createSoundInternal             : exinfo->inclusionlist      = 00000000743CF5FC
[LOG] SystemI::createSoundInternal             : exinfo->inclusionlistnum   = 1
[LOG] SystemI::createSoundInternal             : exinfo->suggestedsoundtype = 5
[LOG] SystemI::createSoundInternal             : exinfo->useropen           = 00007FFB276D1100
[LOG] SystemI::createSoundInternal             : exinfo->userclose          = 00007FFB276D10D0
[LOG] SystemI::createSoundInternal             : exinfo->userread           = 00007FFB276D11D0
[LOG] SystemI::createSoundInternal             : exinfo->userseek           = 00007FFB276D1290
[LOG] SystemI::createSoundInternal             : exinfo->fileuserdata       = 0000000092DE4488
[LOG] SystemI::createSoundInternal             : exinfo->initialseekpostype = 1
[LOG] SystemI::DSPCodecPoolRegister            : register codec pool for pool type 5
[LOG] SystemI::createSoundInternal             : Sample 0/1: name='Branch_and_Leaves', format=2, channels=2, frequency=48000, lengthbytes=99872, lengthpcm=430080, pcmblocksize=0, loopstart=0, loopend=0, mode=0x00000000, channelmask=0x00000000, channelorder=0, peakvolume=0.116302.
[LOG] Manager::readBank                        : fileversion = 101, compatVersion = 99 (oldest = 44, newest = 103)
[LOG] SystemI::createSound                     : filename = Assets\Sound\Thesis1AudioFMOD\Build\Desktop/Master Bank.bank : mode 02010082
[LOG] SystemI::createSound                     : FMOD_NONBLOCKING specified.  Putting into queue to be opened asynchronously!
[LOG] SystemI::createSound                     : setdata soundi = 0000000099897248 : node = 000000000F99F8E0
[LOG] SystemI::createSound                     : add node to async list : head = 0000000072A26688.  list count = 0
[LOG] AsyncThread::threadFunc                  : Starting Asynchronous operation on sound 0000000099897248
[LOG] SystemI::createSoundInternal             :     Create name='Assets\Sound\Thesis1AudioFMOD\Build\Desktop/Master Bank.bank', mode=0x02010082
[LOG] SystemI::createSoundInternal             :     exinfo->cbsize             = 232
[LOG] SystemI::createSoundInternal             :     exinfo->length             = 14983744
[LOG] SystemI::createSoundInternal             :     exinfo->fileoffset         = 93344
[LOG] SystemI::createSoundInternal             :     exinfo->numsubsounds       = 1
[LOG] SystemI::createSoundInternal             :     exinfo->inclusionlist      = 000000000F99F9F8
[LOG] SystemI::createSoundInternal             :     exinfo->inclusionlistnum   = 1
[LOG] SystemI::createSoundInternal             :     exinfo->suggestedsoundtype = 5
[LOG] SystemI::createSoundInternal             :     exinfo->initialseekpostype = 1
[LOG] SystemI::createSoundInternal             :     Stream 0/1: name='Rumble', format=2, channels=2, frequency=48000, lengthbytes=124544, lengthpcm=1573616, pcmblocksize=0, loopstart=0, loopend=0, mode=0x00000000, channelmask=0x00000000, channelorder=0, peakvolume=0.800293.
[LOG] AsyncThread::threadFunc                  : Finished Asynchronous operation on sound 0000000099897248
[LOG] SoundI::getSubSound                      : sound 0000000099897248.  Subsound index 0 / 1
[LOG] Manager::readBank                        : fileversion = 101, compatVersion = 99 (oldest = 44, newest = 103)
[LOG] AsyncThread::threadFunc                  : Starting Asynchronous operation on sound 00000000A0B9D3D8
[LOG] AsyncThread::threadFunc                  : Finished Asynchronous operation on sound 00000000A0B9D3D8
[LOG] SoundI::release                          : Dragging_on_Gravel (000000001B98C1C8)
[LOG] SoundI::release                          :     Dragging_on_Gravel (0000000097AAC988)
[LOG] SoundI::release                          :     Dragging_on_Gravel (0000000076EFA9C8)
[LOG] SoundI::release                          : Rumble (0000000076EFB8F8)
[LOG] SoundI::release                          :     Rumble (0000000072A27238)
[LOG] SoundI::release                          :     Rumble (0000000076EFB088)
[LOG] SoundI::release                          : Rumble (0000000076EFBE08)
[LOG] SoundI::release                          :     Rumble (0000000072360E28)
[LOG] SoundI::release                          :     Rumble (00000000630B7438)
[LOG] SoundI::release                          : Rumble (0000000076EFA668)
[LOG] SoundI::release                          :     Rumble (0000000072361988)
[LOG] SoundI::release                          :     Rumble (00000000630B7AF8)
[LOG] Manager::readBank                        : fileversion = 101, compatVersion = 99 (oldest = 44, newest = 103)
[LOG] SoundI::release                          : Stick_Break (00000000A1661598)
[LOG] SoundI::release                          :     Stick_Break (00000000A30EED38)
[LOG] SoundI::release                          :     Stick_Break (00000000A2BD13E8)
[LOG] SystemI::createSound                     : filename = Assets\Sound\Thesis1AudioFMOD\Build\Desktop/Master Bank.bank : mode 02010082
[LOG] SystemI::createSound                     : FMOD_NONBLOCKING specified.  Putting into queue to be opened asynchronously!
[LOG] SystemI::createSound                     : setdata soundi = 00000000630B8A28 : node = 0000000068F5C030
[LOG] SystemI::createSound                     : add node to async list : head = 0000000072A26688.  list count = 0
[LOG] AsyncThread::threadFunc                  : Starting Asynchronous operation on sound 00000000630B8A28
[LOG] SystemI::createSoundInternal             :     Create name='Assets\Sound\Thesis1AudioFMOD\Build\Desktop/Master Bank.bank', mode=0x02010082
[LOG] SystemI::createSoundInternal             :     exinfo->cbsize             = 232
[LOG] SystemI::createSoundInternal             :     exinfo->length             = 14983744
[LOG] SystemI::createSoundInternal             :     exinfo->fileoffset         = 93344
[LOG] SystemI::createSoundInternal             :     exinfo->numsubsounds       = 1
[LOG] SystemI::createSoundInternal             :     exinfo->inclusionlist      = 0000000068F5C148
[LOG] SystemI::createSoundInternal             :     exinfo->inclusionlistnum   = 1
[LOG] SystemI::createSoundInternal             :     exinfo->suggestedsoundtype = 5
[LOG] SystemI::createSoundInternal             :     exinfo->initialseekpostype = 1
[LOG] SystemI::createSoundInternal             :     Stream 0/1: name='Stick_Break', format=2, channels=2, frequency=48000, lengthbytes=279872, lengthpcm=1261400, pcmblocksize=0, loopstart=0, loopend=0, mode=0x00000000, channelmask=0x00000000, channelorder=0, peakvolume=0.587280.
[LOG] AsyncThread::threadFunc                  : Finished Asynchronous operation on sound 00000000630B8A28
[LOG] SoundI::getSubSound                      : sound 00000000630B8A28.  Subsound index 0 / 1
[LOG] Manager::readBank                        : fileversion = 101, compatVersion = 99 (oldest = 44, newest = 103)
[LOG] SoundI::release                          : Stick_Break (00000000630B8A28)
[LOG] SoundI::release                          :     Stick_Break (00000000A30EE6B8)
[LOG] SoundI::release                          :     Stick_Break (00000000BD44C778)
[LOG] Manager::readBank                        : fileversion = 101, compatVersion = 99 (oldest = 44, newest = 103)
[LOG] SystemI::createSound                     : filename = Assets\Sound\Thesis1AudioFMOD\Build\Desktop/Master Bank.bank : mode 02010082
[LOG] SystemI::createSound                     : FMOD_NONBLOCKING specified.  Putting into queue to be opened asynchronously!
[LOG] SystemI::createSound                     : setdata soundi = 00000000630B8A28 : node = 0000000068F5D7D0
[LOG] SystemI::createSound                     : add node to async list : head = 0000000072A26688.  list count = 0
[LOG] AsyncThread::threadFunc                  : Starting Asynchronous operation on sound 00000000630B8A28
[LOG] SystemI::createSoundInternal             :     Create name='Assets\Sound\Thesis1AudioFMOD\Build\Desktop/Master Bank.bank', mode=0x02010082
[LOG] SystemI::createSoundInternal             :     exinfo->cbsize             = 232
[LOG] SystemI::createSoundInternal             :     exinfo->length             = 14983744
[LOG] SystemI::createSoundInternal             :     exinfo->fileoffset         = 93344
[LOG] SystemI::createSoundInternal             :     exinfo->numsubsounds       = 1
[LOG] SystemI::createSoundInternal             :     exinfo->inclusionlist      = 0000000068F5D8E8
[LOG] SystemI::createSoundInternal             :     exinfo->inclusionlistnum   = 1
[LOG] SystemI::createSoundInternal             :     exinfo->suggestedsoundtype = 5
[LOG] SystemI::createSoundInternal             :     exinfo->initialseekpostype = 1
[LOG] SystemI::createSoundInternal             :     Stream 0/1: name='Lettuce_Peeling', format=2, channels=2, frequency=48000, lengthbytes=661792, lengthpcm=2565433, pcmblocksize=0, loopstart=0, loopend=0, mode=0x00000000, channelmask=0x00000000, channelorder=0, peakvolume=0.358185.
[LOG] AsyncThread::threadFunc                  : Finished Asynchronous operation on sound 00000000630B8A28
[LOG] SoundI::getSubSound                      : sound 00000000630B8A28.  Subsound index 0 / 1
[LOG] AsyncThread::threadFunc                  : Starting Asynchronous operation on sound 00000000A1661238
[LOG] AsyncThread::threadFunc                  : Finished Asynchronous operation on sound 00000000A1661238
[LOG] Manager::readBank                        : fileversion = 101, compatVersion = 99 (oldest = 44, newest = 103)
[LOG] Manager::readBank                        : fileversion = 101, compatVersion = 99 (oldest = 44, newest = 103)
[LOG] SystemI::createSound                     : filename = Assets\Sound\Thesis1AudioFMOD\Build\Desktop/Master Bank.bank : mode 02010082
[LOG] SystemI::createSound                     : FMOD_NONBLOCKING specified.  Putting into queue to be opened asynchronously!
[LOG] SystemI::createSound                     : setdata soundi = 00000000630B6F28 : node = 0000000068F5D680
[LOG] SystemI::createSound                     : add node to async list : head = 0000000072A26688.  list count = 0
[LOG] AsyncThread::threadFunc                  : Starting Asynchronous operation on sound 00000000630B6F28
[LOG] SystemI::createSoundInternal             :     Create name='Assets\Sound\Thesis1AudioFMOD\Build\Desktop/Master Bank.bank', mode=0x02010082
[LOG] SystemI::createSoundInternal             :     exinfo->cbsize             = 232
[LOG] SystemI::createSoundInternal             :     exinfo->length             = 14983744
[LOG] SystemI::createSoundInternal             :     exinfo->fileoffset         = 93344
[LOG] SystemI::createSoundInternal             :     exinfo->numsubsounds       = 1
[LOG] SystemI::createSoundInternal             :     exinfo->inclusionlist      = 0000000068F5D798
[LOG] SystemI::createSoundInternal             :     exinfo->inclusionlistnum   = 1
[LOG] SystemI::createSoundInternal             :     exinfo->suggestedsoundtype = 5
[LOG] SystemI::createSoundInternal             :     exinfo->initialseekpostype = 1
[LOG] SystemI::createSoundInternal             :     Stream 0/1: name='Rumble', format=2, channels=2, frequency=48000, lengthbytes=124544, lengthpcm=1573616, pcmblocksize=0, loopstart=0, loopend=0, mode=0x00000000, channelmask=0x00000000, channelorder=0, peakvolume=0.800293.
[LOG] AsyncThread::threadFunc                  : Finished Asynchronous operation on sound 00000000630B6F28
[LOG] SoundI::getSubSound                      : sound 00000000630B6F28.  Subsound index 0 / 1
[LOG] AsyncThread::threadFunc                  : Starting Asynchronous operation on sound 00000000630B7438
[LOG] AsyncThread::threadFunc                  : Finished Asynchronous operation on sound 00000000630B7438
[LOG] SoundI::release                          : Lettuce_Peeling (0000000076EFB748)
[LOG] SoundI::release                          :     Lettuce_Peeling (0000000072A261F8)
[LOG] SoundI::release                          :     Lettuce_Peeling (0000000076EFB3E8)
[LOG] SoundI::release                          : Lettuce_Peeling (0000000076EFBC58)
[LOG] SoundI::release                          :     Lettuce_Peeling (0000000072A273D8)
[LOG] SoundI::release                          :     Lettuce_Peeling (0000000076EFC168)
[LOG] SoundI::release                          : Lettuce_Peeling (0000000076EFBFB8)
[LOG] SoundI::release                          :     Lettuce_Peeling (00000000633C62D8)
[LOG] SoundI::release                          :     Lettuce_Peeling (00000000630B8878)
[LOG] SoundI::release                          : Rumble (0000000099897248)
[LOG] SoundI::release                          :     Rumble (00000000A30ED198)
[LOG] SoundI::release                          :     Rumble (00000000A0B9D3D8)
[LOG] Manager::readBank                        : fileversion = 101, compatVersion = 99 (oldest = 44, newest = 103)
[LOG] Manager::readBank                        : fileversion = 101, compatVersion = 99 (oldest = 44, newest = 103)
[LOG] SystemI::createSound                     : filename = Assets\Sound\Thesis1AudioFMOD\Build\Desktop/Master Bank.bank : mode 02010082
[LOG] SystemI::createSound                     : FMOD_NONBLOCKING specified.  Putting into queue to be opened asynchronously!
[LOG] SystemI::createSound                     : setdata soundi = 00000000630B7AF8 : node = 0000000068F5DBC0
[LOG] SystemI::createSound                     : add node to async list : head = 0000000072A26688.  list count = 0
[LOG] AsyncThread::threadFunc                  : Starting Asynchronous operation on sound 00000000630B7AF8
[LOG] SystemI::createSoundInternal             :     Create name='Assets\Sound\Thesis1AudioFMOD\Build\Desktop/Master Bank.bank', mode=0x02010082
[LOG] SystemI::createSoundInternal             :     exinfo->cbsize             = 232
[LOG] SystemI::createSoundInternal             :     exinfo->length             = 14983744
[LOG] SystemI::createSoundInternal             :     exinfo->fileoffset         = 93344
[LOG] SystemI::createSoundInternal             :     exinfo->numsubsounds       = 1
[LOG] SystemI::createSoundInternal             :     exinfo->inclusionlist      = 0000000068F5DCD8
[LOG] SystemI::createSoundInternal             :     exinfo->inclusionlistnum   = 1
[LOG] SystemI::createSoundInternal             :     exinfo->suggestedsoundtype = 5
[LOG] SystemI::createSoundInternal             :     exinfo->initialseekposition = 2500
[LOG] SystemI::createSoundInternal             :     exinfo->initialseekpostype = 1
[LOG] SystemI::createSoundInternal             :     Stream 0/1: name='Dragging_on_Gravel', format=2, channels=2, frequency=48000, lengthbytes=346752, lengthpcm=1430674, pcmblocksize=0, loopstart=0, loopend=0, mode=0x00000000, channelmask=0x00000000, channelorder=0, peakvolume=0.236023.
[LOG] AsyncThread::threadFunc                  : Finished Asynchronous operation on sound 00000000630B7AF8
[LOG] SoundI::getSubSound                      : sound 00000000630B7AF8.  Subsound index 0 / 1
[LOG] Manager::readBank                        : fileversion = 101, compatVersion = 99 (oldest = 44, newest = 103)
[LOG] SystemI::createSoundInternal             : Create name='', mode=0x02000202
[LOG] SystemI::createSoundInternal             : exinfo->cbsize             = 232
[LOG] SystemI::createSoundInternal             : exinfo->length             = 14983744
[LOG] SystemI::createSoundInternal             : exinfo->fileoffset         = 93344
[LOG] SystemI::createSoundInternal             : exinfo->numsubsounds       = 1
[LOG] SystemI::createSoundInternal             : exinfo->inclusionlist      = 00000000743CF5FC
[LOG] SystemI::createSoundInternal             : exinfo->inclusionlistnum   = 1
[LOG] SystemI::createSoundInternal             : exinfo->suggestedsoundtype = 5
[LOG] SystemI::createSoundInternal             : exinfo->useropen           = 00007FFB276D1100
[LOG] SystemI::createSoundInternal             : exinfo->userclose          = 00007FFB276D10D0
[LOG] SystemI::createSoundInternal             : exinfo->userread           = 00007FFB276D11D0
[LOG] SystemI::createSoundInternal             : exinfo->userseek           = 00007FFB276D1290
[LOG] SystemI::createSoundInternal             : exinfo->fileuserdata       = 0000000092686CD8
[LOG] SystemI::createSoundInternal             : exinfo->initialseekpostype = 1
[LOG] SystemI::DSPCodecPoolRegister            : register codec pool for pool type 5
[LOG] SystemI::createSoundInternal             : Sample 0/1: name='scared', format=2, channels=2, frequency=48000, lengthbytes=30368, lengthpcm=152337, pcmblocksize=0, loopstart=0, loopend=0, mode=0x00000000, channelmask=0x00000000, channelorder=0, peakvolume=0.043657.
[LOG] SystemI::createSoundInternal             : Create name='', mode=0x02000202
[LOG] SystemI::createSoundInternal             : exinfo->cbsize             = 232
[LOG] SystemI::createSoundInternal             : exinfo->length             = 14983744
[LOG] SystemI::createSoundInternal             : exinfo->fileoffset         = 93344
[LOG] SystemI::createSoundInternal             : exinfo->numsubsounds       = 1
[LOG] SystemI::createSoundInternal             : exinfo->inclusionlist      = 00000000743CF5FC
[LOG] SystemI::createSoundInternal             : exinfo->inclusionlistnum   = 1
[LOG] SystemI::createSoundInternal             : exinfo->suggestedsoundtype = 5
[LOG] SystemI::createSoundInternal             : exinfo->useropen           = 00007FFB276D1100
[LOG] SystemI::createSoundInternal             : exinfo->userclose          = 00007FFB276D10D0
[LOG] SystemI::createSoundInternal             : exinfo->userread           = 00007FFB276D11D0
[LOG] SystemI::createSoundInternal             : exinfo->userseek           = 00007FFB276D1290
[LOG] SystemI::createSoundInternal             : exinfo->fileuserdata       = 00000000926866A8
[LOG] SystemI::createSoundInternal             : exinfo->initialseekpostype = 1
[LOG] SystemI::DSPCodecPoolRegister            : register codec pool for pool type 5
[LOG] SystemI::createSoundInternal             : Sample 0/1: name='sad', format=2, channels=2, frequency=48000, lengthbytes=78528, lengthpcm=402668, pcmblocksize=0, loopstart=0, loopend=0, mode=0x00000000, channelmask=0x00000000, channelorder=0, peakvolume=0.044973.
[LOG] SoundI::release                          :  (0000000076567448)
[LOG] SoundI::release                          :     Branch_and_Leaves (00000000A30EE378)
[LOG] Manager::readBank                        : fileversion = 101, compatVersion = 99 (oldest = 44, newest = 103)
[LOG] SystemI::createSoundInternal             : Create name='', mode=0x02000202
[LOG] SystemI::createSoundInternal             : exinfo->cbsize             = 232
[LOG] SystemI::createSoundInternal             : exinfo->length             = 14983744
[LOG] SystemI::createSoundInternal             : exinfo->fileoffset         = 93344
[LOG] SystemI::createSoundInternal             : exinfo->numsubsounds       = 1
[LOG] SystemI::createSoundInternal             : exinfo->inclusionlist      = 00000000743CF5FC
[LOG] SystemI::createSoundInternal             : exinfo->inclusionlistnum   = 1
[LOG] SystemI::createSoundInternal             : exinfo->suggestedsoundtype = 5
[LOG] SystemI::createSoundInternal             : exinfo->useropen           = 00007FFB276D1100
[LOG] SystemI::createSoundInternal             : exinfo->userclose          = 00007FFB276D10D0
[LOG] SystemI::createSoundInternal             : exinfo->userread           = 00007FFB276D11D0
[LOG] SystemI::createSoundInternal             : exinfo->userseek           = 00007FFB276D1290
[LOG] SystemI::createSoundInternal             : exinfo->fileuserdata       = 0000000092686288
[LOG] SystemI::createSoundInternal             : exinfo->initialseekpostype = 1
[LOG] SystemI::DSPCodecPoolRegister            : register codec pool for pool type 5
[LOG] SystemI::createSoundInternal             : Sample 0/1: name='Heal 10', format=2, channels=2, frequency=48000, lengthbytes=50784, lengthpcm=170496, pcmblocksize=0, loopstart=0, loopend=0, mode=0x00000000, channelmask=0x00000000, channelorder=0, peakvolume=0.487427.
[LOG] Manager::readBank                        : fileversion = 101, compatVersion = 99 (oldest = 44, newest = 103)
[LOG] SystemI::createSound                     : filename = Assets\Sound\Thesis1AudioFMOD\Build\Desktop/Master Bank.bank : mode 02010082
[LOG] SystemI::createSound                     : FMOD_NONBLOCKING specified.  Putting into queue to be opened asynchronously!
[LOG] SystemI::createSound                     : setdata soundi = 00000000A0B9D228 : node = 0000000068F5CD50
[LOG] SystemI::createSound                     : add node to async list : head = 0000000072A26688.  list count = 0
[LOG] AsyncThread::threadFunc                  : Starting Asynchronous operation on sound 00000000A0B9D228
[LOG] SystemI::createSoundInternal             :     Create name='Assets\Sound\Thesis1AudioFMOD\Build\Desktop/Master Bank.bank', mode=0x02010082
[LOG] SystemI::createSoundInternal             :     exinfo->cbsize             = 232
[LOG] SystemI::createSoundInternal             :     exinfo->length             = 14983744
[LOG] SystemI::createSoundInternal             :     exinfo->fileoffset         = 93344
[LOG] SystemI::createSoundInternal             :     exinfo->numsubsounds       = 1
[LOG] SystemI::createSoundInternal             :     exinfo->inclusionlist      = 0000000068F5CE68
[LOG] SystemI::createSoundInternal             :     exinfo->inclusionlistnum   = 1
[LOG] SystemI::createSoundInternal             :     exinfo->suggestedsoundtype = 5
[LOG] SystemI::createSoundInternal             :     exinfo->initialseekpostype = 1
[LOG] SystemI::createSoundInternal             :     Stream 0/1: name='Rumble', format=2, channels=2, frequency=48000, lengthbytes=124544, lengthpcm=1573616, pcmblocksize=0, loopstart=0, loopend=0, mode=0x00000000, channelmask=0x00000000, channelorder=0, peakvolume=0.800293.
[LOG] AsyncThread::threadFunc                  : Finished Asynchronous operation on sound 00000000A0B9D228
[LOG] SoundI::getSubSound                      : sound 00000000A0B9D228.  Subsound index 0 / 1
[LOG] AsyncThread::threadFunc                  : Starting Asynchronous operation on sound 000000009D392088
[LOG] AsyncThread::threadFunc                  : Finished Asynchronous operation on sound 000000009D392088
[LOG] SoundI::release                          :  (0000000063CFACD8)
[LOG] SoundI::release                          :     hmmmmmm (0000000097AAD008)
[LOG] SoundI::release                          :  (0000000076566E88)
[LOG] SoundI::release                          :     Step 1 (0000000097AAC4A8)
[LOG] SoundI::release                          :  (0000000076567FC8)
[LOG] SoundI::release                          :     Step 2 (0000000097AAD348)
[LOG] SoundI::release                          :  (0000000076567B78)
[LOG] SoundI::release                          :     Step 3 (0000000097AAD4E8)
[LOG] SoundI::release                          :  (0000000076567168)
[LOG] SoundI::release                          :     Step 4 (0000000097AABAE8)
[LOG] SoundI::release                          :  (0000000076567728)
[LOG] SoundI::release                          :     Step 5 (0000000097AAB948)
[LOG] SystemI::createSoundInternal             : Create name='', mode=0x02000202
[LOG] SystemI::createSoundInternal             : exinfo->cbsize             = 232
[LOG] SystemI::createSoundInternal             : exinfo->length             = 14983744
[LOG] SystemI::createSoundInternal             : exinfo->fileoffset         = 93344
[LOG] SystemI::createSoundInternal             : exinfo->numsubsounds       = 1
[LOG] SystemI::createSoundInternal             : exinfo->inclusionlist      = 00000000743CF5FC
[LOG] SystemI::createSoundInternal             : exinfo->inclusionlistnum   = 1
[LOG] SystemI::createSoundInternal             : exinfo->suggestedsoundtype = 5
[LOG] SystemI::createSoundInternal             : exinfo->useropen           = 00007FFB276D1100
[LOG] SystemI::createSoundInternal             : exinfo->userclose          = 00007FFB276D10D0
[LOG] SystemI::createSoundInternal             : exinfo->userread           = 00007FFB276D11D0
[LOG] SystemI::createSoundInternal             : exinfo->userseek           = 00007FFB276D1290
[LOG] SystemI::createSoundInternal             : exinfo->fileuserdata       = 000000007652E748
[LOG] SystemI::createSoundInternal             : exinfo->initialseekpostype = 1
[LOG] SystemI::DSPCodecPoolRegister            : register codec pool for pool type 5
[LOG] SystemI::createSoundInternal             : Sample 0/1: name='Step 1', format=2, channels=2, frequency=48000, lengthbytes=8384, lengthpcm=31346, pcmblocksize=0, loopstart=0, loopend=0, mode=0x00000000, channelmask=0x00000000, channelorder=0, peakvolume=0.486328.
[LOG] SystemI::createSoundInternal             : Create name='', mode=0x02000202
[LOG] SystemI::createSoundInternal             : exinfo->cbsize             = 232
[LOG] SystemI::createSoundInternal             : exinfo->length             = 14983744
[LOG] SystemI::createSoundInternal             : exinfo->fileoffset         = 93344
[LOG] SystemI::createSoundInternal             : exinfo->numsubsounds       = 1
[LOG] SystemI::createSoundInternal             : exinfo->inclusionlist      = 00000000743CF5FC
[LOG] SystemI::createSoundInternal             : exinfo->inclusionlistnum   = 1
[LOG] SystemI::createSoundInternal             : exinfo->suggestedsoundtype = 5
[LOG] SystemI::createSoundInternal             : exinfo->useropen           = 00007FFB276D1100
[LOG] SystemI::createSoundInternal             : exinfo->userclose          = 00007FFB276D10D0
[LOG] SystemI::createSoundInternal             : exinfo->userread           = 00007FFB276D11D0
[LOG] SystemI::createSoundInternal             : exinfo->userseek           = 00007FFB276D1290
[LOG] SystemI::createSoundInternal             : exinfo->fileuserdata       = 000000007652E748
[LOG] SystemI::createSoundInternal             : exinfo->initialseekpostype = 1
[LOG] SystemI::DSPCodecPoolRegister            : register codec pool for pool type 5
[LOG] SystemI::createSoundInternal             : Sample 0/1: name='Step 2', format=2, channels=2, frequency=48000, lengthbytes=7872, lengthpcm=31346, pcmblocksize=0, loopstart=0, loopend=0, mode=0x00000000, channelmask=0x00000000, channelorder=0, peakvolume=0.244385.
[LOG] SystemI::createSoundInternal             : Create name='', mode=0x02000202
[LOG] SystemI::createSoundInternal             : exinfo->cbsize             = 232
[LOG] SystemI::createSoundInternal             : exinfo->length             = 14983744
[LOG] SystemI::createSoundInternal             : exinfo->fileoffset         = 93344
[LOG] SystemI::createSoundInternal             : exinfo->numsubsounds       = 1
[LOG] SystemI::createSoundInternal             : exinfo->inclusionlist      = 00000000743CF5FC
[LOG] SystemI::createSoundInternal             : exinfo->inclusionlistnum   = 1
[LOG] SystemI::createSoundInternal             : exinfo->suggestedsoundtype = 5
[LOG] SystemI::createSoundInternal             : exinfo->useropen           = 00007FFB276D1100
[LOG] SystemI::createSoundInternal             : exinfo->userclose          = 00007FFB276D10D0
[LOG] SystemI::createSoundInternal             : exinfo->userread           = 00007FFB276D11D0
[LOG] SystemI::createSoundInternal             : exinfo->userseek           = 00007FFB276D1290
[LOG] SystemI::createSoundInternal             : exinfo->fileuserdata       = 000000007652E748
[LOG] SystemI::createSoundInternal             : exinfo->initialseekpostype = 1
[LOG] SystemI::DSPCodecPoolRegister            : register codec pool for pool type 5
[LOG] SystemI::createSoundInternal             : Sample 0/1: name='Step 4', format=2, channels=2, frequency=48000, lengthbytes=8544, lengthpcm=31346, pcmblocksize=0, loopstart=0, loopend=0, mode=0x00000000, channelmask=0x00000000, channelorder=0, peakvolume=0.133972.
[LOG] SystemI::createSoundInternal             : Create name='', mode=0x02000202
[LOG] SystemI::createSoundInternal             : exinfo->cbsize             = 232
[LOG] SystemI::createSoundInternal             : exinfo->length             = 14983744
[LOG] SystemI::createSoundInternal             : exinfo->fileoffset         = 93344
[LOG] SystemI::createSoundInternal             : exinfo->numsubsounds       = 1
[LOG] SystemI::createSoundInternal             : exinfo->inclusionlist      = 00000000743CF5FC
[LOG] SystemI::createSoundInternal             : exinfo->inclusionlistnum   = 1
[LOG] SystemI::createSoundInternal             : exinfo->suggestedsoundtype = 5
[LOG] SystemI::createSoundInternal             : exinfo->useropen           = 00007FFB276D1100
[LOG] SystemI::createSoundInternal             : exinfo->userclose          = 00007FFB276D10D0
[LOG] SystemI::createSoundInternal             : exinfo->userread           = 00007FFB276D11D0
[LOG] SystemI::createSoundInternal             : exinfo->userseek           = 00007FFB276D1290
[LOG] SystemI::createSoundInternal             : exinfo->fileuserdata       = 000000007652E748
[LOG] SystemI::createSoundInternal             : exinfo->initialseekpostype = 1
[LOG] SystemI::DSPCodecPoolRegister            : register codec pool for pool type 5
[LOG] SystemI::createSoundInternal             : Sample 0/1: name='Step 3', format=2, channels=2, frequency=48000, lengthbytes=7616, lengthpcm=31346, pcmblocksize=0, loopstart=0, loopend=0, mode=0x00000000, channelmask=0x00000000, channelorder=0, peakvolume=0.263672.
[LOG] SystemI::createSoundInternal             : Create name='', mode=0x02000202
[LOG] SystemI::createSoundInternal             : exinfo->cbsize             = 232
[LOG] SystemI::createSoundInternal             : exinfo->length             = 14983744
[LOG] SystemI::createSoundInternal             : exinfo->fileoffset         = 93344
[LOG] SystemI::createSoundInternal             : exinfo->numsubsounds       = 1
[LOG] SystemI::createSoundInternal             : exinfo->inclusionlist      = 00000000743CF5FC
[LOG] SystemI::createSoundInternal             : exinfo->inclusionlistnum   = 1
[LOG] SystemI::createSoundInternal             : exinfo->suggestedsoundtype = 5
[LOG] SystemI::createSoundInternal             : exinfo->useropen           = 00007FFB276D1100
[LOG] SystemI::createSoundInternal             : exinfo->userclose          = 00007FFB276D10D0
[LOG] SystemI::createSoundInternal             : exinfo->userread           = 00007FFB276D11D0
[LOG] SystemI::createSoundInternal             : exinfo->userseek           = 00007FFB276D1290
[LOG] SystemI::createSoundInternal             : exinfo->fileuserdata       = 000000007652E748
[LOG] SystemI::createSoundInternal             : exinfo->initialseekpostype = 1
[LOG] SystemI::DSPCodecPoolRegister            : register codec pool for pool type 5
[LOG] SystemI::createSoundInternal             : Sample 0/1: name='Step 5', format=2, channels=2, frequency=48000, lengthbytes=8032, lengthpcm=31346, pcmblocksize=0, loopstart=0, loopend=0, mode=0x00000000, channelmask=0x00000000, channelorder=0, peakvolume=0.133881.
[LOG] SystemI::createSoundInternal             : Create name='', mode=0x02000202
[LOG] SystemI::createSoundInternal             : exinfo->cbsize             = 232
[LOG] SystemI::createSoundInternal             : exinfo->length             = 14983744
[LOG] SystemI::createSoundInternal             : exinfo->fileoffset         = 93344
[LOG] SystemI::createSoundInternal             : exinfo->numsubsounds       = 1
[LOG] SystemI::createSoundInternal             : exinfo->inclusionlist      = 00000000743CF5FC
[LOG] SystemI::createSoundInternal             : exinfo->inclusionlistnum   = 1
[LOG] SystemI::createSoundInternal             : exinfo->suggestedsoundtype = 5
[LOG] SystemI::createSoundInternal             : exinfo->useropen           = 00007FFB276D1100
[LOG] SystemI::createSoundInternal             : exinfo->userclose          = 00007FFB276D10D0
[LOG] SystemI::createSoundInternal             : exinfo->userread           = 00007FFB276D11D0
[LOG] SystemI::createSoundInternal             : exinfo->userseek           = 00007FFB276D1290
[LOG] SystemI::createSoundInternal             : exinfo->fileuserdata       = 0000000092DE4488
[LOG] SystemI::createSoundInternal             : exinfo->initialseekpostype = 1
[LOG] SystemI::DSPCodecPoolRegister            : register codec pool for pool type 5
[LOG] SystemI::createSoundInternal             : Sample 0/1: name='Heal 9', format=2, channels=2, frequency=48000, lengthbytes=56416, lengthpcm=218880, pcmblocksize=0, loopstart=0, loopend=0, mode=0x00000000, channelmask=0x00000000, channelorder=0, peakvolume=0.542908.
[LOG] SoundI::release                          : Rumble (00000000630B6F28)
[LOG] SoundI::release                          :     Rumble (00000000A30ECCB8)
[LOG] SoundI::release                          :     Rumble (00000000630B7438)
[LOG] SoundI::release                          :  (0000000076566308)
[LOG] SoundI::release                          :     hup (0000000097AACB28)
[LOG] SoundI::release                          :  (0000000076566BA8)
[LOG] SoundI::release                          :     hup1 (0000000097AACCC8)
[LOG] SoundI::release                          :  (00000000765672D8)
[LOG] SoundI::release                          :     hup2 (00000000A30ED678)
[LOG] SoundI::release                          :  (0000000063CF9E78)
[LOG] SoundI::release                          :     wonder (0000000097AACE68)
[LOG] Manager::readBank                        : fileversion = 101, compatVersion = 99 (oldest = 44, newest = 103)
[LOG] Manager::readBank                        : fileversion = 101, compatVersion = 99 (oldest = 44, newest = 103)
[LOG] SoundI::release                          : Dragging_on_Gravel (00000000630B7AF8)
[LOG] SoundI::release                          :     Dragging_on_Gravel (00000000A30EE9F8)
[LOG] SoundI::release                          :     Dragging_on_Gravel (00000000A16613E8)
[LOG] Manager::readBank                        : fileversion = 101, compatVersion = 99 (oldest = 44, newest = 103)
[LOG] SystemI::createSound                     : filename = Assets\Sound\Thesis1AudioFMOD\Build\Desktop/Master Bank.bank : mode 02010082
[LOG] SystemI::createSound                     : FMOD_NONBLOCKING specified.  Putting into queue to be opened asynchronously!
[LOG] SystemI::createSound                     : setdata soundi = 00000000A16613E8 : node = 0000000068F5D530
[LOG] SystemI::createSound                     : add node to async list : head = 0000000072A26688.  list count = 0
[LOG] AsyncThread::threadFunc                  : Starting Asynchronous operation on sound 00000000A16613E8
[LOG] SystemI::createSoundInternal             :     Create name='Assets\Sound\Thesis1AudioFMOD\Build\Desktop/Master Bank.bank', mode=0x02010082
[LOG] SystemI::createSoundInternal             :     exinfo->cbsize             = 232
[LOG] SystemI::createSoundInternal             :     exinfo->length             = 14983744
[LOG] SystemI::createSoundInternal             :     exinfo->fileoffset         = 93344
[LOG] SystemI::createSoundInternal             :     exinfo->numsubsounds       = 1
[LOG] SystemI::createSoundInternal             :     exinfo->inclusionlist      = 0000000068F5D648
[LOG] SystemI::createSoundInternal             :     exinfo->inclusionlistnum   = 1
[LOG] SystemI::createSoundInternal             :     exinfo->suggestedsoundtype = 5
[LOG] SystemI::createSoundInternal             :     exinfo->initialseekpostype = 1
[LOG] SystemI::createSoundInternal             :     Stream 0/1: name='Lettuce_Peeling', format=2, channels=2, frequency=48000, lengthbytes=661792, lengthpcm=2565433, pcmblocksize=0, loopstart=0, loopend=0, mode=0x00000000, channelmask=0x00000000, channelorder=0, peakvolume=0.358185.
[LOG] AsyncThread::threadFunc                  : Finished Asynchronous operation on sound 00000000A16613E8
[LOG] SoundI::getSubSound                      : sound 00000000A16613E8.  Subsound index 0 / 1
[LOG] AsyncThread::threadFunc                  : Starting Asynchronous operation on sound 00000000A2BD1238
[LOG] AsyncThread::threadFunc                  : Finished Asynchronous operation on sound 00000000A2BD1238
[LOG] SystemI::createSound                     : filename = Assets\Sound\Thesis1AudioFMOD\Build\Desktop/Master Bank.bank : mode 02010082
[LOG] SystemI::createSound                     : FMOD_NONBLOCKING specified.  Putting into queue to be opened asynchronously!
[LOG] SystemI::createSound                     : setdata soundi = 00000000A2BD1598 : node = 0000000068F5CFF0
[LOG] SystemI::createSound                     : add node to async list : head = 0000000072A26688.  list count = 0
[LOG] AsyncThread::threadFunc                  : Starting Asynchronous operation on sound 00000000A2BD1598
[LOG] SystemI::createSoundInternal             :     Create name='Assets\Sound\Thesis1AudioFMOD\Build\Desktop/Master Bank.bank', mode=0x02010082
[LOG] SystemI::createSoundInternal             :     exinfo->cbsize             = 232
[LOG] SystemI::createSoundInternal             :     exinfo->length             = 14983744
[LOG] SystemI::createSoundInternal             :     exinfo->fileoffset         = 93344
[LOG] SystemI::createSoundInternal             :     exinfo->numsubsounds       = 1
[LOG] SystemI::createSoundInternal             :     exinfo->inclusionlist      = 0000000068F5D108
[LOG] SystemI::createSoundInternal             :     exinfo->inclusionlistnum   = 1
[LOG] SystemI::createSoundInternal             :     exinfo->suggestedsoundtype = 5
[LOG] SystemI::createSoundInternal             :     exinfo->initialseekpostype = 1
[LOG] SystemI::createSoundInternal             :     Stream 0/1: name='Stick_Break', format=2, channels=2, frequency=48000, lengthbytes=279872, lengthpcm=1261400, pcmblocksize=0, loopstart=0, loopend=0, mode=0x00000000, channelmask=0x00000000, channelorder=0, peakvolume=0.587280.
[LOG] AsyncThread::threadFunc                  : Finished Asynchronous operation on sound 00000000A2BD1598
[LOG] SoundI::getSubSound                      : sound 00000000A2BD1598.  Subsound index 0 / 1
[LOG] Manager::readBank                        : fileversion = 101, compatVersion = 99 (oldest = 44, newest = 103)
[LOG] SystemI::createSound                     : filename = Assets\Sound\Thesis1AudioFMOD\Build\Desktop/Master Bank.bank : mode 02010082
[LOG] SystemI::createSound                     : FMOD_NONBLOCKING specified.  Putting into queue to be opened asynchronously!
[LOG] SystemI::createSound                     : setdata soundi = 00000000A0B9D078 : node = 0000000068F5DBC0
[LOG] SystemI::createSound                     : add node to async list : head = 0000000072A26688.  list count = 0
[LOG] AsyncThread::threadFunc                  : Starting Asynchronous operation on sound 00000000A0B9D078
[LOG] SystemI::createSoundInternal             :     Create name='Assets\Sound\Thesis1AudioFMOD\Build\Desktop/Master Bank.bank', mode=0x02010082
[LOG] SystemI::createSoundInternal             :     exinfo->cbsize             = 232
[LOG] SystemI::createSoundInternal             :     exinfo->length             = 14983744
[LOG] SystemI::createSoundInternal             :     exinfo->fileoffset         = 93344
[LOG] SystemI::createSoundInternal             :     exinfo->numsubsounds       = 1
[LOG] SystemI::createSoundInternal             :     exinfo->inclusionlist      = 0000000068F5DCD8
[LOG] SystemI::createSoundInternal             :     exinfo->inclusionlistnum   = 1
[LOG] SystemI::createSoundInternal             :     exinfo->suggestedsoundtype = 5
[LOG] SystemI::createSoundInternal             :     exinfo->initialseekposition = 5894
[LOG] SystemI::createSoundInternal             :     exinfo->initialseekpostype = 1
[LOG] SystemI::createSoundInternal             :     Stream 0/1: name='Dragging_on_Gravel', format=2, channels=2, frequency=48000, lengthbytes=346752, lengthpcm=1430674, pcmblocksize=0, loopstart=0, loopend=0, mode=0x00000000, channelmask=0x00000000, channelorder=0, peakvolume=0.236023.
[LOG] AsyncThread::threadFunc                  : Finished Asynchronous operation on sound 00000000A0B9D078
[LOG] SoundI::getSubSound                      : sound 00000000A0B9D078.  Subsound index 0 / 1
[LOG] SystemI::createSound                     : filename = Assets\Sound\Thesis1AudioFMOD\Build\Desktop/Master Bank.bank : mode 02010082
[LOG] SystemI::createSound                     : FMOD_NONBLOCKING specified.  Putting into queue to be opened asynchronously!
[LOG] SystemI::createSound                     : setdata soundi = 00000000A0B9D3D8 : node = 0000000068F5BD90
[LOG] SystemI::createSound                     : add node to async list : head = 0000000072A26688.  list count = 0
[LOG] AsyncThread::threadFunc                  : Starting Asynchronous operation on sound 00000000A0B9D3D8
[LOG] SystemI::createSoundInternal             :     Create name='Assets\Sound\Thesis1AudioFMOD\Build\Desktop/Master Bank.bank', mode=0x02010082
[LOG] SystemI::createSoundInternal             :     exinfo->cbsize             = 232
[LOG] SystemI::createSoundInternal             :     exinfo->length             = 14983744
[LOG] SystemI::createSoundInternal             :     exinfo->fileoffset         = 93344
[LOG] SystemI::createSoundInternal             :     exinfo->numsubsounds       = 1
[LOG] SystemI::createSoundInternal             :     exinfo->inclusionlist      = 0000000068F5BEA8
[LOG] SystemI::createSoundInternal             :     exinfo->inclusionlistnum   = 1
[LOG] SystemI::createSoundInternal             :     exinfo->suggestedsoundtype = 5
[LOG] SystemI::createSoundInternal             :     exinfo->initialseekposition = 5894
[LOG] SystemI::createSoundInternal             :     exinfo->initialseekpostype = 1
[LOG] SystemI::createSoundInternal             :     Stream 0/1: name='Dragging_on_Gravel', format=2, channels=2, frequency=48000, lengthbytes=346752, lengthpcm=1430674, pcmblocksize=0, loopstart=0, loopend=0, mode=0x00000000, channelmask=0x00000000, channelorder=0, peakvolume=0.236023.
[LOG] AsyncThread::threadFunc                  : Finished Asynchronous operation on sound 00000000A0B9D3D8
[LOG] SoundI::getSubSound                      : sound 00000000A0B9D3D8.  Subsound index 0 / 1
[LOG] SoundI::release                          : Lettuce_Peeling (00000000630B8A28)
[LOG] SoundI::release                          :     Lettuce_Peeling (00000000A30EDCF8)
[LOG] SoundI::release                          :     Lettuce_Peeling (00000000A1661238)
[LOG] SoundI::release                          : Dragging_on_Gravel (00000000A0B9D078)
[LOG] SoundI::release                          :     Dragging_on_Gravel (00000000A30ED198)
[LOG] SoundI::release                          :     Dragging_on_Gravel (00000000A1661598)
[LOG] SoundI::release                          : Dragging_on_Gravel (00000000A0B9D3D8)
[LOG] SoundI::release                          :     Dragging_on_Gravel (00000000A30ED338)
[LOG] SoundI::release                          :     Dragging_on_Gravel (00000000630B7AF8)
[LOG] SystemI::createSound                     : filename = Assets\Sound\Thesis1AudioFMOD\Build\Desktop/Master Bank.bank : mode 02010082
[LOG] SystemI::createSound                     : FMOD_NONBLOCKING specified.  Putting into queue to be opened asynchronously!
[LOG] SystemI::createSound                     : setdata soundi = 00000000630B7438 : node = 0000000068F5D7D0
[LOG] SystemI::createSound                     : add node to async list : head = 0000000072A26688.  list count = 0
[LOG] AsyncThread::threadFunc                  : Starting Asynchronous operation on sound 00000000630B7438
[LOG] SystemI::createSoundInternal             :     Create name='Assets\Sound\Thesis1AudioFMOD\Build\Desktop/Master Bank.bank', mode=0x02010082
[LOG] SystemI::createSoundInternal             :     exinfo->cbsize             = 232
[LOG] SystemI::createSoundInternal             :     exinfo->length             = 14983744
[LOG] SystemI::createSoundInternal             :     exinfo->fileoffset         = 93344
[LOG] SystemI::createSoundInternal             :     exinfo->numsubsounds       = 1
[LOG] SystemI::createSoundInternal             :     exinfo->inclusionlist      = 0000000068F5D8E8
[LOG] SystemI::createSoundInternal             :     exinfo->inclusionlistnum   = 1
[LOG] SystemI::createSoundInternal             :     exinfo->suggestedsoundtype = 5
[LOG] SystemI::createSoundInternal             :     exinfo->initialseekposition = 5894
[LOG] SystemI::createSoundInternal             :     exinfo->initialseekpostype = 1
[LOG] SystemI::createSoundInternal             :     Stream 0/1: name='Dragging_on_Gravel', format=2, channels=2, frequency=48000, lengthbytes=346752, lengthpcm=1430674, pcmblocksize=0, loopstart=0, loopend=0, mode=0x00000000, channelmask=0x00000000, channelorder=0, peakvolume=0.236023.
[LOG] AsyncThread::threadFunc                  : Finished Asynchronous operation on sound 00000000630B7438
[LOG] SoundI::getSubSound                      : sound 00000000630B7438.  Subsound index 0 / 1
[LOG] SoundI::release                          :  (0000000063CFA2C8)
[LOG] SoundI::release                          :     wonder1 (0000000097AAD688)
[LOG] SoundI::release                          :  (0000000063CFAE48)
[LOG] SoundI::release                          :     wonder2 (0000000097AAC308)
[LOG] SoundI::release                          :  (00000000765675B8)
[LOG] SoundI::release                          :     scared (00000000A30EDB58)
[LOG] Manager::readBank                        : fileversion = 101, compatVersion = 99 (oldest = 44, newest = 103)
[LOG] SoundI::release                          : Dragging_on_Gravel (00000000630B7438)
[LOG] SoundI::release                          :     Dragging_on_Gravel (00000000A30EE1D8)
[LOG] SoundI::release                          :     Dragging_on_Gravel (00000000A1BF35D8)
[LOG] SystemI::createSound                     : filename = Assets\Sound\Thesis1AudioFMOD\Build\Desktop/Master Bank.bank : mode 02010082
[LOG] SystemI::createSound                     : FMOD_NONBLOCKING specified.  Putting into queue to be opened asynchronously!
[LOG] SystemI::createSound                     : setdata soundi = 00000000630B7AF8 : node = 0000000068F5D680
[LOG] SystemI::createSound                     : add node to async list : head = 0000000072A26688.  list count = 0
[LOG] AsyncThread::threadFunc                  : Starting Asynchronous operation on sound 00000000630B7AF8
[LOG] SystemI::createSoundInternal             :     Create name='Assets\Sound\Thesis1AudioFMOD\Build\Desktop/Master Bank.bank', mode=0x02010082
[LOG] SystemI::createSoundInternal             :     exinfo->cbsize             = 232
[LOG] SystemI::createSoundInternal             :     exinfo->length             = 14983744
[LOG] SystemI::createSoundInternal             :     exinfo->fileoffset         = 93344
[LOG] SystemI::createSoundInternal             :     exinfo->numsubsounds       = 1
[LOG] SystemI::createSoundInternal             :     exinfo->inclusionlist      = 0000000068F5D798
[LOG] SystemI::createSoundInternal             :     exinfo->inclusionlistnum   = 1
[LOG] SystemI::createSoundInternal             :     exinfo->suggestedsoundtype = 5
[LOG] SystemI::createSoundInternal             :     exinfo->initialseekposition = 5894
[LOG] SystemI::createSoundInternal             :     exinfo->initialseekpostype = 1
[LOG] SystemI::createSoundInternal             :     Stream 0/1: name='Dragging_on_Gravel', format=2, channels=2, frequency=48000, lengthbytes=346752, lengthpcm=1430674, pcmblocksize=0, loopstart=0, loopend=0, mode=0x00000000, channelmask=0x00000000, channelorder=0, peakvolume=0.236023.
[LOG] AsyncThread::threadFunc                  : Finished Asynchronous operation on sound 00000000630B7AF8
[LOG] SoundI::getSubSound                      : sound 00000000630B7AF8.  Subsound index 0 / 1
[LOG] SystemI::createSound                     : filename = Assets\Sound\Thesis1AudioFMOD\Build\Desktop/Master Bank.bank : mode 02010082
[LOG] SystemI::createSound                     : FMOD_NONBLOCKING specified.  Putting into queue to be opened asynchronously!
[LOG] SystemI::createSound                     : setdata soundi = 00000000630B8878 : node = 0000000068F5D7D0
[LOG] SystemI::createSound                     : add node to async list : head = 0000000072A26688.  list count = 0
[LOG] AsyncThread::threadFunc                  : Starting Asynchronous operation on sound 00000000630B8878
[LOG] SystemI::createSoundInternal             :     Create name='Assets\Sound\Thesis1AudioFMOD\Build\Desktop/Master Bank.bank', mode=0x02010082
[LOG] SystemI::createSoundInternal             :     exinfo->cbsize             = 232
[LOG] SystemI::createSoundInternal             :     exinfo->length             = 14983744
[LOG] SystemI::createSoundInternal             :     exinfo->fileoffset         = 93344
[LOG] SystemI::createSoundInternal             :     exinfo->numsubsounds       = 1
[LOG] SystemI::createSoundInternal             :     exinfo->inclusionlist      = 0000000068F5D8E8
[LOG] SystemI::createSoundInternal             :     exinfo->inclusionlistnum   = 1
[LOG] SystemI::createSoundInternal             :     exinfo->suggestedsoundtype = 5
[LOG] SystemI::createSoundInternal             :     exinfo->initialseekposition = 5894
[LOG] SystemI::createSoundInternal             :     exinfo->initialseekpostype = 1
[LOG] SystemI::createSoundInternal             :     Stream 0/1: name='Dragging_on_Gravel', format=2, channels=2, frequency=48000, lengthbytes=346752, lengthpcm=1430674, pcmblocksize=0, loopstart=0, loopend=0, mode=0x00000000, channelmask=0x00000000, channelorder=0, peakvolume=0.236023.
[LOG] AsyncThread::threadFunc                  : Finished Asynchronous operation on sound 00000000630B8878
[LOG] SoundI::getSubSound                      : sound 00000000630B8878.  Subsound index 0 / 1
[LOG] SoundI::release                          : Dragging_on_Gravel (00000000630B7AF8)
[LOG] SoundI::release                          :     Dragging_on_Gravel (00000000A30EC7D8)
[LOG] SoundI::release                          :     Dragging_on_Gravel (00000000A2BD13E8)
[LOG] SoundI::release                          : Dragging_on_Gravel (00000000630B8878)
[LOG] SoundI::release                          :     Dragging_on_Gravel (00000000A30EF898)
[LOG] SoundI::release                          :     Dragging_on_Gravel (00000000630B8A28)
[LOG] SystemI::createSound                     : filename = Assets\Sound\Thesis1AudioFMOD\Build\Desktop/Master Bank.bank : mode 02010082
[LOG] SystemI::createSound                     : FMOD_NONBLOCKING specified.  Putting into queue to be opened asynchronously!
[LOG] SystemI::createSound                     : setdata soundi = 00000000A0B9D078 : node = 0000000068F5D7D0
[LOG] SystemI::createSound                     : add node to async list : head = 0000000072A26688.  list count = 0
[LOG] AsyncThread::threadFunc                  : Starting Asynchronous operation on sound 00000000A0B9D078
[LOG] SystemI::createSoundInternal             :     Create name='Assets\Sound\Thesis1AudioFMOD\Build\Desktop/Master Bank.bank', mode=0x02010082
[LOG] SystemI::createSoundInternal             :     exinfo->cbsize             = 232
[LOG] SystemI::createSoundInternal             :     exinfo->length             = 14983744
[LOG] SystemI::createSoundInternal             :     exinfo->fileoffset         = 93344
[LOG] SystemI::createSoundInternal             :     exinfo->numsubsounds       = 1
[LOG] SystemI::createSoundInternal             :     exinfo->inclusionlist      = 0000000068F5D8E8
[LOG] SystemI::createSoundInternal             :     exinfo->inclusionlistnum   = 1
[LOG] SystemI::createSoundInternal             :     exinfo->suggestedsoundtype = 5
[LOG] SystemI::createSoundInternal             :     exinfo->initialseekpostype = 1
[LOG] SystemI::createSoundInternal             :     Stream 0/1: name='Rumble', format=2, channels=2, frequency=48000, lengthbytes=124544, lengthpcm=1573616, pcmblocksize=0, loopstart=0, loopend=0, mode=0x00000000, channelmask=0x00000000, channelorder=0, peakvolume=0.800293.
[LOG] AsyncThread::threadFunc                  : Finished Asynchronous operation on sound 00000000A0B9D078
[LOG] SoundI::getSubSound                      : sound 00000000A0B9D078.  Subsound index 0 / 1
[LOG] SoundI::release                          : Stick_Break (00000000A2BD1598)
[LOG] SoundI::release                          :     Stick_Break (00000000A30EED38)
[LOG] SoundI::release                          :     Stick_Break (00000000A0B9D588)
[LOG] AsyncThread::threadFunc                  : Starting Asynchronous operation on sound 00000000630B8878
[LOG] AsyncThread::threadFunc                  : Finished Asynchronous operation on sound 00000000630B8878
[LOG] SoundI::release                          : Afternoon_Storm_Long (0000000076EFAED8)
[LOG] SoundI::release                          :     Afternoon_Storm_Long (00000000633C7E78)
[LOG] SoundI::release                          :     Afternoon_Storm_Long (00000000630B7E58)
[LOG] SoundI::release                          : Rumble (00000000A0B9D078)
[LOG] SoundI::release                          :     Rumble (00000000A30EC2F8)
[LOG] SoundI::release                          :     Rumble (00000000630B8878)
[LOG] SoundI::release                          : Lettuce_Peeling (00000000A16613E8)
[LOG] SoundI::release                          :     Lettuce_Peeling (00000000A30EC978)
[LOG] SoundI::release                          :     Lettuce_Peeling (00000000A2BD1238)
[LOG] SoundI::release                          : Rumble (00000000A0B9D228)
[LOG] SoundI::release                          :     Rumble (00000000A30ECFF8)
[LOG] SoundI::release                          :     Rumble (000000009D392088)
[LOG] SoundI::release                          : TheChildrensRoom (0000000076EFA4B8)
[LOG] SoundI::release                          :     TheChildrensRoom (0000000072A25088)
[LOG] SoundI::release                          :     TheChildrensRoom (0000000076EFBAA8)
[LOG] SoundI::release                          : Afternoon_Storm_Long (0000000076EFAD28)
[LOG] SoundI::release                          :     Afternoon_Storm_Long (0000000072A246C8)
[LOG] SoundI::release                          :     Afternoon_Storm_Long (0000000076EFB598)
[LOG] SoundI::release                          : Neither_Sweat_Nor_Tears (0000000076EFAB78)
[LOG] SoundI::release                          :     Neither_Sweat_Nor_Tears (0000000072A23B68)
[LOG] SoundI::release                          :     Neither_Sweat_Nor_Tears (0000000076EFB238)
[LOG] SoundI::release                          :  (0000000076567448)
[LOG] SoundI::release                          :     Heal 10 (00000000A30EF218)
[LOG] SoundI::release                          :  (0000000076567898)
[LOG] SoundI::release                          :     sad (00000000A30EFD78)
[LOG] SoundI::release                          :  (0000000076567FC8)
[LOG] SoundI::release                          :     Step 1 (00000000A30EF3B8)
[LOG] SoundI::release                          :  (0000000076567168)
[LOG] SoundI::release                          :     Step 2 (00000000A30EE518)
[LOG] SoundI::release                          :  (0000000076567728)
[LOG] SoundI::release                          :     Step 3 (00000000A30EC638)
[LOG] SoundI::release                          :  (0000000076567A08)
[LOG] SoundI::release                          :     Step 4 (00000000A30EEB98)
[LOG] SoundI::release                          :  (0000000076567B78)
[LOG] SoundI::release                          :     Step 5 (00000000A30ECB18)
[LOG] SoundI::release                          :  (00000000765668C8)
[LOG] SoundI::release                          :     Step 6 (0000000097AAC648)
[LOG] SoundI::release                          :  (0000000076566A38)
[LOG] SoundI::release                          :     Jump_On_Soggy_Grass1 (0000000097AAC7E8)
[LOG] SoundI::release                          :  (0000000063CF9FE8)
[LOG] SoundI::release                          :     Heal 9 (00000000A30F00B8)
[LOG] SoundI::release                          :  (0000000063CF9188)
[LOG] SoundI::release                          :     Nature 1 (0000000072354D98)
[LOG] SoundI::release                          :  (0000000063CF92F8)
[LOG] SoundI::release                          :     Nature 2 (0000000072355C38)
[LOG] SoundI::release                          :  (0000000063CF9468)
[LOG] SoundI::release                          :     Nature 3 (0000000072354BF8)
[LOG] SoundI::release                          :  (0000000063CF9748)
[LOG] SoundI::release                          :     Nature 4 (0000000072A25B78)
[LOG] SoundI::release                          :  (0000000063CF95D8)
[LOG] SoundI::release                          :     Nature 5 (0000000072355F78)
[LOG] SoundI::release                          :  (0000000063CFA158)
[LOG] SoundI::release                          :     Nature 6 (0000000072A26EF8)
[LOG] SoundI::release                          :  (0000000063CFA438)
[LOG] SoundI::release                          :     slime1 (0000000072355DD8)
[LOG] SoundI::release                          :  (0000000063CFAFB8)
[LOG] SoundI::release                          :     slime2 (0000000072356118)
[LOG] Thread::callback                         : FMOD Studio update thread finished.
[LOG] Thread::callback                         : FMOD Studio bank load thread finished.
[LOG] ProfileClient::markForDead               : Closing client connection
[LOG] Thread::callback                         : FMOD profiler thread (send) finished.
[LOG] FMOD_OS_Net_Read                         : Interrupted.[LOG] Profile::disconnectAll                   : Profiler disconnecting all clients
[ERR] ProfileClient::recvThreadLoopFunction    : Recv thread loop returned 16
[LOG] Thread::callback                         : FMOD profiler thread (recv) finished.
[LOG] Thread::callback                         : FMOD Studio sample load thread finished.
[LOG] LiveUpdate::release                      : 
[LOG] LiveUpdate::reset                        : Reset connection (reason Disconnected)
[LOG] Thread::callback                         : FMOD stream thread finished.
[LOG] Thread::callback                         : FMOD mixer thread finished.
[LOG] Profile::disconnectAll                   : Profiler disconnecting all clients
[LOG] SystemI::close                           : Closed.
[LOG] Manager::readBank                        : fileversion = 101, compatVersion = 99 (oldest = 44, newest = 103)
[LOG] Manager::readBank                        : fileversion = 101, compatVersion = 99 (oldest = 44, newest = 103)
[LOG] Manager::readBank                        : fileversion = 101, compatVersion = 99 (oldest = 44, newest = 103)
[LOG] Manager::readBank                        : fileversion = 101, compatVersion = 99 (oldest = 44, newest = 103)
[LOG] Manager::readBank                        : fileversion = 101, compatVersion = 99 (oldest = 44, newest = 103)
[LOG] Manager::readBank                        : fileversion = 101, compatVersion = 99 (oldest = 44, newest = 103)
[LOG] PlaybackSystem::acquireMasterBus         : Setting master channel group format to 6
[LOG] Thread::callback                         : FMOD Studio bank load thread finished.
[LOG] Thread::callback                         : FMOD Studio sample load thread finished.
[LOG] LiveUpdate::release                      : 
[LOG] LiveUpdate::reset                        : Reset connection (reason Disconnected)
[LOG] Thread::callback                         : FMOD stream thread finished.
[LOG] Thread::callback                         : FMOD mixer thread finished.
[LOG] SystemI::close                           : Closed.
